2017-12-05 15:23:21.126 [restartedMain] INFO  com.hansholdings.AdusermanageApplication - Starting AdusermanageApplication on KGA-A010-0275 with PID 8264 (D:\java\workspace\ADhelperProject\target\classes started by huxm11315 in D:\java\workspace\ADhelperProject)
2017-12-05 15:23:21.128 [restartedMain] INFO  com.hansholdings.AdusermanageApplication - No active profile set, falling back to default profiles: default
2017-12-05 15:23:21.192 [restartedMain] INFO  o.s.b.c.e.AnnotationConfigEmbeddedWebApplicationContext - Refreshing org.springframework.boot.context.embedded.AnnotationConfigEmbeddedWebApplicationContext@76743570: startup date [Tue Dec 05 15:23:21 CST 2017]; root of context hierarchy
2017-12-05 15:23:21.806 [background-preinit] INFO  org.hibernate.validator.internal.util.Version - HV000001: Hibernate Validator 5.3.5.Final
2017-12-05 15:23:22.497 [restartedMain] INFO  o.s.c.s.PostProcessorRegistrationDelegate$BeanPostProcessorChecker - Bean 'com.hansholdings.autoconfigure.shiro.ShiroManager' of type [com.hansholdings.autoconfigure.shiro.ShiroManager] is not eligible for getting processed by all BeanPostProcessors (for example: not eligible for auto-proxying)
2017-12-05 15:23:22.640 [restartedMain] INFO  o.s.c.s.PostProcessorRegistrationDelegate$BeanPostProcessorChecker - Bean 'org.springframework.transaction.annotation.ProxyTransactionManagementConfiguration' of type [org.springframework.transaction.annotation.ProxyTransactionManagementConfiguration$$EnhancerBySpringCGLIB$$52bb861] is not eligible for getting processed by all BeanPostProcessors (for example: not eligible for auto-proxying)
2017-12-05 15:23:22.764 [restartedMain] INFO  o.s.c.s.PostProcessorRegistrationDelegate$BeanPostProcessorChecker - Bean 'shiro-com.hansholdings.autoconfigure.shiro.ShiroProperties' of type [com.hansholdings.autoconfigure.shiro.ShiroProperties] is not eligible for getting processed by all BeanPostProcessors (for example: not eligible for auto-proxying)
2017-12-05 15:23:22.769 [restartedMain] INFO  o.s.c.s.PostProcessorRegistrationDelegate$BeanPostProcessorChecker - Bean 'shiroAutoConfiguration' of type [com.hansholdings.autoconfigure.shiro.ShiroAutoConfiguration$$EnhancerBySpringCGLIB$$3fb0f123] is not eligible for getting processed by all BeanPostProcessors (for example: not eligible for auto-proxying)
2017-12-05 15:23:22.801 [restartedMain] INFO  o.s.c.s.PostProcessorRegistrationDelegate$BeanPostProcessorChecker - Bean 'shiroCacheManager' of type [org.apache.shiro.cache.MemoryConstrainedCacheManager] is not eligible for getting processed by all BeanPostProcessors (for example: not eligible for auto-proxying)
2017-12-05 15:23:22.813 [restartedMain] INFO  o.s.c.s.PostProcessorRegistrationDelegate$BeanPostProcessorChecker - Bean 'securityManager' of type [org.apache.shiro.web.mgt.DefaultWebSecurityManager] is not eligible for getting processed by all BeanPostProcessors (for example: not eligible for auto-proxying)
2017-12-05 15:23:22.853 [restartedMain] INFO  o.s.c.s.PostProcessorRegistrationDelegate$BeanPostProcessorChecker - Bean '(inner bean)#5002c4b1' of type [org.springframework.beans.factory.config.PropertiesFactoryBean] is not eligible for getting processed by all BeanPostProcessors (for example: not eligible for auto-proxying)
2017-12-05 15:23:22.854 [restartedMain] INFO  o.s.c.s.PostProcessorRegistrationDelegate$BeanPostProcessorChecker - Bean '(inner bean)#5002c4b1' of type [java.util.Properties] is not eligible for getting processed by all BeanPostProcessors (for example: not eligible for auto-proxying)
2017-12-05 15:23:22.861 [restartedMain] INFO  o.s.c.s.PostProcessorRegistrationDelegate$BeanPostProcessorChecker - Bean '(inner bean)#5ca47feb' of type [org.springframework.data.repository.core.support.PropertiesBasedNamedQueries] is not eligible for getting processed by all BeanPostProcessors (for example: not eligible for auto-proxying)
2017-12-05 15:23:22.867 [restartedMain] INFO  o.s.c.s.PostProcessorRegistrationDelegate$BeanPostProcessorChecker - Bean '(inner bean)#28e272b9' of type [org.springframework.data.repository.query.ExtensionAwareEvaluationContextProvider] is not eligible for getting processed by all BeanPostProcessors (for example: not eligible for auto-proxying)
2017-12-05 15:23:22.874 [restartedMain] INFO  o.s.c.s.PostProcessorRegistrationDelegate$BeanPostProcessorChecker - Bean 'dataSourceConfiguration' of type [com.hansholdings.autoconfigure.druid.DataSourceConfiguration$$EnhancerBySpringCGLIB$$888ec481] is not eligible for getting processed by all BeanPostProcessors (for example: not eligible for auto-proxying)
2017-12-05 15:23:22.929 [restartedMain] INFO  o.s.c.s.PostProcessorRegistrationDelegate$BeanPostProcessorChecker - Bean 'druidDataSource' of type [com.alibaba.druid.pool.DruidDataSource] is not eligible for getting processed by all BeanPostProcessors (for example: not eligible for auto-proxying)
2017-12-05 15:23:22.936 [restartedMain] INFO  o.s.c.s.PostProcessorRegistrationDelegate$BeanPostProcessorChecker - Bean 'org.springframework.boot.autoconfigure.jdbc.DataSourceAutoConfiguration' of type [org.springframework.boot.autoconfigure.jdbc.DataSourceAutoConfiguration$$EnhancerBySpringCGLIB$$e71f5bc1] is not eligible for getting processed by all BeanPostProcessors (for example: not eligible for auto-proxying)
2017-12-05 15:23:22.956 [restartedMain] INFO  o.s.c.s.PostProcessorRegistrationDelegate$BeanPostProcessorChecker - Bean 'spring.datasource-org.springframework.boot.autoconfigure.jdbc.DataSourceProperties' of type [org.springframework.boot.autoconfigure.jdbc.DataSourceProperties] is not eligible for getting processed by all BeanPostProcessors (for example: not eligible for auto-proxying)
2017-12-05 15:23:22.966 [restartedMain] INFO  o.s.c.s.PostProcessorRegistrationDelegate$BeanPostProcessorChecker - Bean 'dataSourceInitializer' of type [org.springframework.boot.autoconfigure.jdbc.DataSourceInitializer] is not eligible for getting processed by all BeanPostProcessors (for example: not eligible for auto-proxying)
2017-12-05 15:23:22.974 [restartedMain] INFO  o.s.c.s.PostProcessorRegistrationDelegate$BeanPostProcessorChecker - Bean 'spring.jpa-org.springframework.boot.autoconfigure.orm.jpa.JpaProperties' of type [org.springframework.boot.autoconfigure.orm.jpa.JpaProperties] is not eligible for getting processed by all BeanPostProcessors (for example: not eligible for auto-proxying)
2017-12-05 15:23:22.979 [restartedMain] INFO  o.s.c.s.PostProcessorRegistrationDelegate$BeanPostProcessorChecker - Bean 'org.springframework.boot.autoconfigure.transaction.TransactionAutoConfiguration' of type [org.springframework.boot.autoconfigure.transaction.TransactionAutoConfiguration$$EnhancerBySpringCGLIB$$999fb36b] is not eligible for getting processed by all BeanPostProcessors (for example: not eligible for auto-proxying)
2017-12-05 15:23:22.988 [restartedMain] INFO  o.s.c.s.PostProcessorRegistrationDelegate$BeanPostProcessorChecker - Bean 'spring.transaction-org.springframework.boot.autoconfigure.transaction.TransactionProperties' of type [org.springframework.boot.autoconfigure.transaction.TransactionProperties] is not eligible for getting processed by all BeanPostProcessors (for example: not eligible for auto-proxying)
2017-12-05 15:23:22.992 [restartedMain] INFO  o.s.c.s.PostProcessorRegistrationDelegate$BeanPostProcessorChecker - Bean 'platformTransactionManagerCustomizers' of type [org.springframework.boot.autoconfigure.transaction.TransactionManagerCustomizers] is not eligible for getting processed by all BeanPostProcessors (for example: not eligible for auto-proxying)
2017-12-05 15:23:23.003 [restartedMain] INFO  o.s.c.s.PostProcessorRegistrationDelegate$BeanPostProcessorChecker - Bean 'org.springframework.boot.autoconfigure.orm.jpa.HibernateJpaAutoConfiguration' of type [org.springframework.boot.autoconfigure.orm.jpa.HibernateJpaAutoConfiguration$$EnhancerBySpringCGLIB$$6eb21c81] is not eligible for getting processed by all BeanPostProcessors (for example: not eligible for auto-proxying)
2017-12-05 15:23:23.074 [restartedMain] INFO  com.alibaba.druid.pool.DruidDataSource - {dataSource-1} inited
2017-12-05 15:23:23.299 [restartedMain] INFO  o.s.c.s.PostProcessorRegistrationDelegate$BeanPostProcessorChecker - Bean 'jpaVendorAdapter' of type [org.springframework.orm.jpa.vendor.HibernateJpaVendorAdapter] is not eligible for getting processed by all BeanPostProcessors (for example: not eligible for auto-proxying)
2017-12-05 15:23:23.302 [restartedMain] INFO  o.s.c.s.PostProcessorRegistrationDelegate$BeanPostProcessorChecker - Bean 'entityManagerFactoryBuilder' of type [org.springframework.boot.orm.jpa.EntityManagerFactoryBuilder] is not eligible for getting processed by all BeanPostProcessors (for example: not eligible for auto-proxying)
2017-12-05 15:23:23.352 [restartedMain] INFO  o.s.orm.jpa.LocalContainerEntityManagerFactoryBean - Building JPA container EntityManagerFactory for persistence unit 'default'
2017-12-05 15:23:23.365 [restartedMain] INFO  org.hibernate.jpa.internal.util.LogHelper - HHH000204: Processing PersistenceUnitInfo [
	name: default
	...]
2017-12-05 15:23:23.450 [restartedMain] INFO  org.hibernate.Version - HHH000412: Hibernate Core {5.0.12.Final}
2017-12-05 15:23:23.452 [restartedMain] INFO  org.hibernate.cfg.Environment - HHH000206: hibernate.properties not found
2017-12-05 15:23:23.453 [restartedMain] INFO  org.hibernate.cfg.Environment - HHH000021: Bytecode provider name : javassist
2017-12-05 15:23:23.485 [restartedMain] INFO  org.hibernate.annotations.common.Version - HCANN000001: Hibernate Commons Annotations {5.0.1.Final}
2017-12-05 15:23:23.687 [restartedMain] INFO  org.hibernate.dialect.Dialect - HHH000400: Using dialect: org.hibernate.dialect.MySQL5Dialect
2017-12-05 15:23:24.301 [restartedMain] INFO  org.hibernate.tool.hbm2ddl.SchemaUpdate - HHH000228: Running hbm2ddl schema update
2017-12-05 15:23:25.789 [restartedMain] INFO  o.s.orm.jpa.LocalContainerEntityManagerFactoryBean - Initialized JPA EntityManagerFactory for persistence unit 'default'
2017-12-05 15:23:25.792 [restartedMain] INFO  o.s.c.s.PostProcessorRegistrationDelegate$BeanPostProcessorChecker - Bean 'entityManagerFactory' of type [org.springframework.orm.jpa.LocalContainerEntityManagerFactoryBean] is not eligible for getting processed by all BeanPostProcessors (for example: not eligible for auto-proxying)
2017-12-05 15:23:25.792 [restartedMain] INFO  o.s.c.s.PostProcessorRegistrationDelegate$BeanPostProcessorChecker - Bean 'entityManagerFactory' of type [com.sun.proxy.$Proxy93] is not eligible for getting processed by all BeanPostProcessors (for example: not eligible for auto-proxying)
2017-12-05 15:23:25.803 [restartedMain] INFO  o.s.c.s.PostProcessorRegistrationDelegate$BeanPostProcessorChecker - Bean '(inner bean)#64d5ccee' of type [com.sun.proxy.$Proxy95] is not eligible for getting processed by all BeanPostProcessors (for example: not eligible for auto-proxying)
2017-12-05 15:23:25.923 [restartedMain] INFO  o.s.c.s.PostProcessorRegistrationDelegate$BeanPostProcessorChecker - Bean 'jpaMappingContext' of type [org.springframework.data.jpa.repository.config.JpaMetamodelMappingContextFactoryBean] is not eligible for getting processed by all BeanPostProcessors (for example: not eligible for auto-proxying)
2017-12-05 15:23:25.923 [restartedMain] INFO  o.s.c.s.PostProcessorRegistrationDelegate$BeanPostProcessorChecker - Bean 'jpaMappingContext' of type [org.springframework.data.jpa.mapping.JpaMetamodelMappingContext] is not eligible for getting processed by all BeanPostProcessors (for example: not eligible for auto-proxying)
2017-12-05 15:23:26.035 [restartedMain] INFO  o.h.hql.internal.QueryTranslatorFactoryInitiator - HHH000397: Using ASTQueryTranslatorFactory
2017-12-05 15:23:26.128 [restartedMain] INFO  o.s.c.s.PostProcessorRegistrationDelegate$BeanPostProcessorChecker - Bean 'IAdminDao' of type [org.springframework.data.jpa.repository.support.JpaRepositoryFactoryBean] is not eligible for getting processed by all BeanPostProcessors (for example: not eligible for auto-proxying)
2017-12-05 15:23:26.129 [restartedMain] INFO  o.s.c.s.PostProcessorRegistrationDelegate$BeanPostProcessorChecker - Bean 'IAdminDao' of type [com.sun.proxy.$Proxy98] is not eligible for getting processed by all BeanPostProcessors (for example: not eligible for auto-proxying)
2017-12-05 15:23:26.140 [restartedMain] INFO  o.s.c.s.PostProcessorRegistrationDelegate$BeanPostProcessorChecker - Bean '(inner bean)#779a3867' of type [org.springframework.beans.factory.config.PropertiesFactoryBean] is not eligible for getting processed by all BeanPostProcessors (for example: not eligible for auto-proxying)
2017-12-05 15:23:26.140 [restartedMain] INFO  o.s.c.s.PostProcessorRegistrationDelegate$BeanPostProcessorChecker - Bean '(inner bean)#779a3867' of type [java.util.Properties] is not eligible for getting processed by all BeanPostProcessors (for example: not eligible for auto-proxying)
2017-12-05 15:23:26.140 [restartedMain] INFO  o.s.c.s.PostProcessorRegistrationDelegate$BeanPostProcessorChecker - Bean '(inner bean)#6e35ac98' of type [org.springframework.data.repository.core.support.PropertiesBasedNamedQueries] is not eligible for getting processed by all BeanPostProcessors (for example: not eligible for auto-proxying)
2017-12-05 15:23:26.141 [restartedMain] INFO  o.s.c.s.PostProcessorRegistrationDelegate$BeanPostProcessorChecker - Bean '(inner bean)#3dc9ee0a' of type [org.springframework.data.repository.query.ExtensionAwareEvaluationContextProvider] is not eligible for getting processed by all BeanPostProcessors (for example: not eligible for auto-proxying)
2017-12-05 15:23:26.142 [restartedMain] INFO  o.s.c.s.PostProcessorRegistrationDelegate$BeanPostProcessorChecker - Bean '(inner bean)#232ea8c7' of type [com.sun.proxy.$Proxy95] is not eligible for getting processed by all BeanPostProcessors (for example: not eligible for auto-proxying)
2017-12-05 15:23:26.148 [restartedMain] INFO  o.s.c.s.PostProcessorRegistrationDelegate$BeanPostProcessorChecker - Bean 'IRoleDao' of type [org.springframework.data.jpa.repository.support.JpaRepositoryFactoryBean] is not eligible for getting processed by all BeanPostProcessors (for example: not eligible for auto-proxying)
2017-12-05 15:23:26.149 [restartedMain] INFO  o.s.c.s.PostProcessorRegistrationDelegate$BeanPostProcessorChecker - Bean 'IRoleDao' of type [com.sun.proxy.$Proxy101] is not eligible for getting processed by all BeanPostProcessors (for example: not eligible for auto-proxying)
2017-12-05 15:23:26.156 [restartedMain] INFO  o.s.c.s.PostProcessorRegistrationDelegate$BeanPostProcessorChecker - Bean '(inner bean)#7f1a875b' of type [org.springframework.beans.factory.config.PropertiesFactoryBean] is not eligible for getting processed by all BeanPostProcessors (for example: not eligible for auto-proxying)
2017-12-05 15:23:26.157 [restartedMain] INFO  o.s.c.s.PostProcessorRegistrationDelegate$BeanPostProcessorChecker - Bean '(inner bean)#7f1a875b' of type [java.util.Properties] is not eligible for getting processed by all BeanPostProcessors (for example: not eligible for auto-proxying)
2017-12-05 15:23:26.158 [restartedMain] INFO  o.s.c.s.PostProcessorRegistrationDelegate$BeanPostProcessorChecker - Bean '(inner bean)#36f5be35' of type [org.springframework.data.repository.core.support.PropertiesBasedNamedQueries] is not eligible for getting processed by all BeanPostProcessors (for example: not eligible for auto-proxying)
2017-12-05 15:23:26.158 [restartedMain] INFO  o.s.c.s.PostProcessorRegistrationDelegate$BeanPostProcessorChecker - Bean '(inner bean)#238a309d' of type [org.springframework.data.repository.query.ExtensionAwareEvaluationContextProvider] is not eligible for getting processed by all BeanPostProcessors (for example: not eligible for auto-proxying)
2017-12-05 15:23:26.159 [restartedMain] INFO  o.s.c.s.PostProcessorRegistrationDelegate$BeanPostProcessorChecker - Bean '(inner bean)#545647ed' of type [com.sun.proxy.$Proxy95] is not eligible for getting processed by all BeanPostProcessors (for example: not eligible for auto-proxying)
2017-12-05 15:23:26.171 [restartedMain] INFO  o.s.c.s.PostProcessorRegistrationDelegate$BeanPostProcessorChecker - Bean 'IFunctionDao' of type [org.springframework.data.jpa.repository.support.JpaRepositoryFactoryBean] is not eligible for getting processed by all BeanPostProcessors (for example: not eligible for auto-proxying)
2017-12-05 15:23:26.172 [restartedMain] INFO  o.s.c.s.PostProcessorRegistrationDelegate$BeanPostProcessorChecker - Bean 'IFunctionDao' of type [com.sun.proxy.$Proxy103] is not eligible for getting processed by all BeanPostProcessors (for example: not eligible for auto-proxying)
2017-12-05 15:23:26.172 [restartedMain] INFO  o.s.c.s.PostProcessorRegistrationDelegate$BeanPostProcessorChecker - Bean 'functionServiceImpl' of type [com.hansholdings.manage.service.impl.FunctionServiceImpl] is not eligible for getting processed by all BeanPostProcessors (for example: not eligible for auto-proxying)
2017-12-05 15:23:26.212 [restartedMain] INFO  o.s.c.s.PostProcessorRegistrationDelegate$BeanPostProcessorChecker - Bean 'roleServiceImpl' of type [com.hansholdings.manage.service.impl.RoleServiceImpl] is not eligible for getting processed by all BeanPostProcessors (for example: not eligible for auto-proxying)
2017-12-05 15:23:26.232 [restartedMain] INFO  o.s.c.s.PostProcessorRegistrationDelegate$BeanPostProcessorChecker - Bean 'adminServiceImpl' of type [com.hansholdings.manage.service.impl.AdminServiceImpl] is not eligible for getting processed by all BeanPostProcessors (for example: not eligible for auto-proxying)
2017-12-05 15:23:26.254 [restartedMain] INFO  org.apache.shiro.realm.AuthorizingRealm - No cache or cacheManager properties have been set.  Authorization cache cannot be obtained.
2017-12-05 15:23:26.255 [restartedMain] INFO  o.s.c.s.PostProcessorRegistrationDelegate$BeanPostProcessorChecker - Bean 'userRealm' of type [com.hansholdings.authorization.shiro.realm.UserRealm] is not eligible for getting processed by all BeanPostProcessors (for example: not eligible for auto-proxying)
2017-12-05 15:23:26.271 [restartedMain] INFO  o.s.c.s.PostProcessorRegistrationDelegate$BeanPostProcessorChecker - Bean 'getAuthorizationAttributeSourceAdvisor' of type [org.apache.shiro.spring.security.interceptor.AuthorizationAttributeSourceAdvisor] is not eligible for getting processed by all BeanPostProcessors (for example: not eligible for auto-proxying)
2017-12-05 15:23:26.664 [restartedMain] INFO  o.s.b.c.e.tomcat.TomcatEmbeddedServletContainer - Tomcat initialized with port(s): 8088 (http)
2017-12-05 15:23:26.674 [restartedMain] INFO  org.apache.catalina.core.StandardService - Starting service [Tomcat]
2017-12-05 15:23:26.675 [restartedMain] INFO  org.apache.catalina.core.StandardEngine - Starting Servlet Engine: Apache Tomcat/8.5.15
2017-12-05 15:23:26.770 [localhost-startStop-1] INFO  o.a.c.core.ContainerBase.[Tomcat].[localhost].[/] - Initializing Spring embedded WebApplicationContext
2017-12-05 15:23:26.770 [localhost-startStop-1] INFO  org.springframework.web.context.ContextLoader - Root WebApplicationContext: initialization completed in 5578 ms
2017-12-05 15:23:26.982 [localhost-startStop-1] INFO  o.s.boot.web.servlet.FilterRegistrationBean - Mapping filter: 'characterEncodingFilter' to: [/*]
2017-12-05 15:23:26.982 [localhost-startStop-1] INFO  o.s.boot.web.servlet.FilterRegistrationBean - Mapping filter: 'hiddenHttpMethodFilter' to: [/*]
2017-12-05 15:23:26.982 [localhost-startStop-1] INFO  o.s.boot.web.servlet.FilterRegistrationBean - Mapping filter: 'httpPutFormContentFilter' to: [/*]
2017-12-05 15:23:26.982 [localhost-startStop-1] INFO  o.s.boot.web.servlet.FilterRegistrationBean - Mapping filter: 'requestContextFilter' to: [/*]
2017-12-05 15:23:26.983 [localhost-startStop-1] INFO  o.s.boot.web.servlet.FilterRegistrationBean - Mapping filter: 'openEntityManagerInViewFilter' to urls: [/*]
2017-12-05 15:23:26.983 [localhost-startStop-1] INFO  o.s.boot.web.servlet.FilterRegistrationBean - Mapping filter: 'webStatFilter' to urls: [/*]
2017-12-05 15:23:26.983 [localhost-startStop-1] INFO  o.s.boot.web.servlet.FilterRegistrationBean - Mapping filter: 'shiroFilter' to: [/*]
2017-12-05 15:23:26.983 [localhost-startStop-1] INFO  o.s.boot.web.servlet.ServletRegistrationBean - Mapping servlet: 'statViewServlet' to [/druid/*]
2017-12-05 15:23:26.985 [localhost-startStop-1] INFO  o.s.boot.web.servlet.ServletRegistrationBean - Mapping servlet: 'dispatcherServlet' to [/]
2017-12-05 15:23:27.525 [restartedMain] INFO  o.s.w.s.m.m.a.RequestMappingHandlerAdapter - Looking for @ControllerAdvice: org.springframework.boot.context.embedded.AnnotationConfigEmbeddedWebApplicationContext@76743570: startup date [Tue Dec 05 15:23:21 CST 2017]; root of context hierarchy
2017-12-05 15:23:27.604 [restartedMain] INFO  o.s.w.s.m.m.a.RequestMappingHandlerMapping - Mapped "{[/admin || /admin/index]}" onto public java.lang.String com.hansholdings.manage.controller.AdminController.index(org.springframework.ui.Model)
2017-12-05 15:23:27.605 [restartedMain] INFO  o.s.w.s.m.m.a.RequestMappingHandlerMapping - Mapped "{[/admin/remove]}" onto public java.lang.String com.hansholdings.manage.controller.AdminController.remove(java.lang.Long)
2017-12-05 15:23:27.605 [restartedMain] INFO  o.s.w.s.m.m.a.RequestMappingHandlerMapping - Mapped "{[/admin/saveOrUpdate]}" onto public java.lang.String com.hansholdings.manage.controller.AdminController.saveOrUpdate(com.hansholdings.manage.entity.Admin)
2017-12-05 15:23:27.606 [restartedMain] INFO  o.s.w.s.m.m.a.RequestMappingHandlerMapping - Mapped "{[/admin/ouroledelete],produces=[text/json;charset=UTF-8]}" onto public java.lang.String com.hansholdings.manage.controller.AdminController.ouroledelete(java.lang.Long)
2017-12-05 15:23:27.606 [restartedMain] INFO  o.s.w.s.m.m.a.RequestMappingHandlerMapping - Mapped "{[/admin/oauthsubmit]}" onto public java.lang.String com.hansholdings.manage.controller.AdminController.oauthsubmit(java.lang.Long,java.lang.Long[])
2017-12-05 15:23:27.606 [restartedMain] INFO  o.s.w.s.m.m.a.RequestMappingHandlerMapping - Mapped "{[/admin/ourolesubmit]}" onto public java.lang.Boolean com.hansholdings.manage.controller.AdminController.ourolesubmit(com.hansholdings.manage.entity.Ourole)
2017-12-05 15:23:27.606 [restartedMain] INFO  o.s.w.s.m.m.a.RequestMappingHandlerMapping - Mapped "{[/admin/oauth]}" onto public java.lang.String com.hansholdings.manage.controller.AdminController.oauth(java.lang.Long,org.springframework.ui.Model)
2017-12-05 15:23:27.606 [restartedMain] INFO  o.s.w.s.m.m.a.RequestMappingHandlerMapping - Mapped "{[/admin/ourole],produces=[text/json;charset=UTF-8]}" onto public com.alibaba.fastjson.JSONArray com.hansholdings.manage.controller.AdminController.ourole(java.lang.Long)
2017-12-05 15:23:27.608 [restartedMain] INFO  o.s.w.s.m.m.a.RequestMappingHandlerMapping - Mapped "{[/aduser/index]}" onto public java.lang.String com.hansholdings.manage.controller.AdUserController.index(org.springframework.ui.Model)
2017-12-05 15:23:27.608 [restartedMain] INFO  o.s.w.s.m.m.a.RequestMappingHandlerMapping - Mapped "{[/aduser/saveOrUpdate]}" onto public java.lang.Boolean com.hansholdings.manage.controller.AdUserController.saveOrUpdate(com.hansholdings.manage.entity.User)
2017-12-05 15:23:27.608 [restartedMain] INFO  o.s.w.s.m.m.a.RequestMappingHandlerMapping - Mapped "{[/aduser/deleteUser/{uid}]}" onto public java.lang.String com.hansholdings.manage.controller.AdUserController.deleteUser(java.lang.String)
2017-12-05 15:23:27.608 [restartedMain] INFO  o.s.w.s.m.m.a.RequestMappingHandlerMapping - Mapped "{[/aduser/getUsers],produces=[text/json;charset=UTF-8]}" onto public com.alibaba.fastjson.JSONObject com.hansholdings.manage.controller.AdUserController.getUsers(com.hansholdings.manage.entity.QueryCondition)
2017-12-05 15:23:27.609 [restartedMain] INFO  o.s.w.s.m.m.a.RequestMappingHandlerMapping - Mapped "{[/aduser/validUserByQuery],produces=[text/json;charset=UTF-8]}" onto public java.lang.Boolean com.hansholdings.manage.controller.AdUserController.getUsersByquery(com.hansholdings.manage.entity.User)
2017-12-05 15:23:27.609 [restartedMain] INFO  o.s.w.s.m.m.a.RequestMappingHandlerMapping - Mapped "{[/aduser/upPwdUser]}" onto public java.lang.String com.hansholdings.manage.controller.AdUserController.upPwdUser(com.hansholdings.manage.entity.User)
2017-12-05 15:23:27.611 [restartedMain] INFO  o.s.w.s.m.m.a.RequestMappingHandlerMapping - Mapped "{[/FileUpload/upload],methods=[POST]}" onto public com.alibaba.fastjson.JSONObject com.hansholdings.manage.controller.FileUploadController.uploadFile(org.springframework.web.multipart.MultipartFile,java.lang.String) throws java.lang.Exception
2017-12-05 15:23:27.612 [restartedMain] INFO  o.s.w.s.m.m.a.RequestMappingHandlerMapping - Mapped "{[/FileUpload/exportFile],methods=[POST]}" onto public com.alibaba.fastjson.JSONObject com.hansholdings.manage.controller.FileUploadController.exportFile(com.hansholdings.manage.entity.QueryCondition) throws java.lang.Exception
2017-12-05 15:23:27.613 [restartedMain] INFO  o.s.w.s.m.m.a.RequestMappingHandlerMapping - Mapped "{[/function || /function/index]}" onto public java.lang.String com.hansholdings.manage.controller.FunctionController.index(org.springframework.ui.Model)
2017-12-05 15:23:27.614 [restartedMain] INFO  o.s.w.s.m.m.a.RequestMappingHandlerMapping - Mapped "{[/function/remove]}" onto public java.lang.String com.hansholdings.manage.controller.FunctionController.remove(java.lang.Long,org.springframework.ui.Model)
2017-12-05 15:23:27.614 [restartedMain] INFO  o.s.w.s.m.m.a.RequestMappingHandlerMapping - Mapped "{[/function/loadTreeNode]}" onto public com.hansholdings.basic.json.Result com.hansholdings.manage.controller.FunctionController.loadTreeNode()
2017-12-05 15:23:27.614 [restartedMain] INFO  o.s.w.s.m.m.a.RequestMappingHandlerMapping - Mapped "{[/function/add]}" onto public java.lang.String com.hansholdings.manage.controller.FunctionController.addFunction(com.hansholdings.manage.entity.Function,org.springframework.ui.Model)
2017-12-05 15:23:27.614 [restartedMain] INFO  o.s.w.s.m.m.a.RequestMappingHandlerMapping - Mapped "{[/function/findAll]}" onto public com.hansholdings.basic.json.Result com.hansholdings.manage.controller.FunctionController.findUserFunctions()
2017-12-05 15:23:27.614 [restartedMain] INFO  o.s.w.s.m.m.a.RequestMappingHandlerMapping - Mapped "{[ || /index]}" onto public java.lang.String com.hansholdings.manage.controller.IndexController.index(org.springframework.ui.Model)
2017-12-05 15:23:27.615 [restartedMain] INFO  o.s.w.s.m.m.a.RequestMappingHandlerMapping - Mapped "{[/logout],methods=[GET]}" onto public java.lang.String com.hansholdings.manage.controller.IndexController.logout()
2017-12-05 15:23:27.615 [restartedMain] INFO  o.s.w.s.m.m.a.RequestMappingHandlerMapping - Mapped "{[/register]}" onto public java.lang.String com.hansholdings.manage.controller.IndexController.registerView()
2017-12-05 15:23:27.615 [restartedMain] INFO  o.s.w.s.m.m.a.RequestMappingHandlerMapping - Mapped "{[/landary/ad]}" onto public com.alibaba.fastjson.JSONObject com.hansholdings.manage.controller.LandaryController.addUser(com.alibaba.fastjson.JSONObject)
2017-12-05 15:23:27.616 [restartedMain] INFO  o.s.w.s.m.m.a.RequestMappingHandlerMapping - Mapped "{[/ldap || /ldap/index]}" onto public java.lang.String com.hansholdings.manage.controller.LdapController.index(org.springframework.ui.Model)
2017-12-05 15:23:27.616 [restartedMain] INFO  o.s.w.s.m.m.a.RequestMappingHandlerMapping - Mapped "{[/ldap/saveOrUpdateLdap]}" onto public java.lang.String com.hansholdings.manage.controller.LdapController.saveOrUpdateOu(javax.servlet.http.HttpServletRequest)
2017-12-05 15:23:27.616 [restartedMain] INFO  o.s.w.s.m.m.a.RequestMappingHandlerMapping - Mapped "{[/login/submit],methods=[POST]}" onto public java.lang.String com.hansholdings.manage.controller.LoginController.submit(java.lang.String,java.lang.String)
2017-12-05 15:23:27.616 [restartedMain] INFO  o.s.w.s.m.m.a.RequestMappingHandlerMapping - Mapped "{[/login || /login/index]}" onto public java.lang.String com.hansholdings.manage.controller.LoginController.loginView()
2017-12-05 15:23:27.616 [restartedMain] INFO  o.s.w.s.m.m.a.RequestMappingHandlerMapping - Mapped "{[/login/single/{username}/{password}/{sAMAccountName}],methods=[GET]}" onto public java.lang.String com.hansholdings.manage.controller.LoginController.submit1(java.lang.String,java.lang.String,java.lang.String)
2017-12-05 15:23:27.618 [restartedMain] INFO  o.s.w.s.m.m.a.RequestMappingHandlerMapping - Mapped "{[/ou || /ou/index]}" onto public java.lang.String com.hansholdings.manage.controller.OuController.index(org.springframework.ui.Model)
2017-12-05 15:23:27.618 [restartedMain] INFO  o.s.w.s.m.m.a.RequestMappingHandlerMapping - Mapped "{[/ou/loadOuTree]}" onto public com.hansholdings.basic.json.Result com.hansholdings.manage.controller.OuController.function(java.lang.Long,org.springframework.ui.Model)
2017-12-05 15:23:27.618 [restartedMain] INFO  o.s.w.s.m.m.a.RequestMappingHandlerMapping - Mapped "{[/ou/getUsers],produces=[text/json;charset=UTF-8]}" onto public com.alibaba.fastjson.JSONObject com.hansholdings.manage.controller.OuController.getUsers(com.hansholdings.manage.entity.QueryCondition)
2017-12-05 15:23:27.619 [restartedMain] INFO  o.s.w.s.m.m.a.RequestMappingHandlerMapping - Mapped "{[/ou/validOuByQuery],produces=[text/json;charset=UTF-8]}" onto public java.lang.Boolean com.hansholdings.manage.controller.OuController.getUsersByquery(com.hansholdings.manage.entity.OU)
2017-12-05 15:23:27.619 [restartedMain] INFO  o.s.w.s.m.m.a.RequestMappingHandlerMapping - Mapped "{[/ou/saveOrUpdateUser],methods=[POST]}" onto public java.lang.String com.hansholdings.manage.controller.OuController.saveOrUpdateUser(com.hansholdings.manage.entity.User)
2017-12-05 15:23:27.619 [restartedMain] INFO  o.s.w.s.m.m.a.RequestMappingHandlerMapping - Mapped "{[/ou/saveOrUpdateOu]}" onto public java.lang.String com.hansholdings.manage.controller.OuController.saveOrUpdateOu(com.hansholdings.manage.entity.OU)
2017-12-05 15:23:27.619 [restartedMain] INFO  o.s.w.s.m.m.a.RequestMappingHandlerMapping - Mapped "{[/ou/getOus],produces=[text/json;charset=UTF-8]}" onto public com.alibaba.fastjson.JSONObject com.hansholdings.manage.controller.OuController.getOus(com.hansholdings.manage.entity.QueryCondition)
2017-12-05 15:23:27.619 [restartedMain] INFO  o.s.w.s.m.m.a.RequestMappingHandlerMapping - Mapped "{[/ou/disou]}" onto public java.lang.String com.hansholdings.manage.controller.OuController.disOuIndex(org.springframework.ui.Model)
2017-12-05 15:23:27.619 [restartedMain] INFO  o.s.w.s.m.m.a.RequestMappingHandlerMapping - Mapped "{[/ou/getOUBydes],produces=[text/json;charset=UTF-8]}" onto public com.alibaba.fastjson.JSONArray com.hansholdings.manage.controller.OuController.getOUBydes(javax.servlet.http.HttpServletRequest)
2017-12-05 15:23:27.619 [restartedMain] INFO  o.s.w.s.m.m.a.RequestMappingHandlerMapping - Mapped "{[/ou/ouListIndex]}" onto public java.lang.String com.hansholdings.manage.controller.OuController.listIndex(org.springframework.ui.Model)
2017-12-05 15:23:27.619 [restartedMain] INFO  o.s.w.s.m.m.a.RequestMappingHandlerMapping - Mapped "{[/ou/saveOrUpdateOuList]}" onto public java.lang.Boolean com.hansholdings.manage.controller.OuController.saveOrUpdateOuList(com.hansholdings.manage.entity.OU)
2017-12-05 15:23:27.620 [restartedMain] INFO  o.s.w.s.m.m.a.RequestMappingHandlerMapping - Mapped "{[/position || /position/index]}" onto public java.lang.String com.hansholdings.manage.controller.PositionController.index(org.springframework.ui.Model)
2017-12-05 15:23:27.620 [restartedMain] INFO  o.s.w.s.m.m.a.RequestMappingHandlerMapping - Mapped "{[/position/getMembers/{uid}],produces=[text/json;charset=UTF-8]}" onto public java.lang.String com.hansholdings.manage.controller.PositionController.getMembers(java.lang.String)
2017-12-05 15:23:27.620 [restartedMain] INFO  o.s.w.s.m.m.a.RequestMappingHandlerMapping - Mapped "{[/position/getPositions],produces=[text/json;charset=UTF-8]}" onto public java.lang.String com.hansholdings.manage.controller.PositionController.getUsers(javax.servlet.http.HttpServletRequest)
2017-12-05 15:23:27.621 [restartedMain] INFO  o.s.w.s.m.m.a.RequestMappingHandlerMapping - Mapped "{[/position/saveOrUpdate]}" onto public java.lang.String com.hansholdings.manage.controller.PositionController.saveOrUpdate1(com.hansholdings.manage.entity.Position)
2017-12-05 15:23:27.621 [restartedMain] INFO  o.s.w.s.m.m.a.RequestMappingHandlerMapping - Mapped "{[/role || /role/index]}" onto public java.lang.String com.hansholdings.manage.controller.RoleController.index(org.springframework.ui.Model)
2017-12-05 15:23:27.622 [restartedMain] INFO  o.s.w.s.m.m.a.RequestMappingHandlerMapping - Mapped "{[/role/remove]}" onto public java.lang.String com.hansholdings.manage.controller.RoleController.remove(java.lang.Long)
2017-12-05 15:23:27.622 [restartedMain] INFO  o.s.w.s.m.m.a.RequestMappingHandlerMapping - Mapped "{[/role/loadFunctionTree]}" onto public com.hansholdings.basic.json.Result com.hansholdings.manage.controller.RoleController.function(java.lang.Long,org.springframework.ui.Model)
2017-12-05 15:23:27.622 [restartedMain] INFO  o.s.w.s.m.m.a.RequestMappingHandlerMapping - Mapped "{[/role/saveOrUpdate]}" onto public java.lang.String com.hansholdings.manage.controller.RoleController.saveOrUpdate(com.hansholdings.manage.entity.Role)
2017-12-05 15:23:27.622 [restartedMain] INFO  o.s.w.s.m.m.a.RequestMappingHandlerMapping - Mapped "{[/role/oauthsubmit]}" onto public com.hansholdings.basic.json.Result com.hansholdings.manage.controller.RoleController.oauthsubmit(com.hansholdings.manage.entity.Role)
2017-12-05 15:23:27.622 [restartedMain] INFO  o.s.w.s.m.m.a.RequestMappingHandlerMapping - Mapped "{[/role/oauth]}" onto public java.lang.String com.hansholdings.manage.controller.RoleController.oauth(java.lang.Long,org.springframework.ui.Model)
2017-12-05 15:23:27.624 [restartedMain] INFO  o.s.w.s.m.m.a.RequestMappingHandlerMapping - Mapped "{[/error]}" onto public org.springframework.http.ResponseEntity<java.util.Map<java.lang.String, java.lang.Object>> org.springframework.boot.autoconfigure.web.BasicErrorController.error(javax.servlet.http.HttpServletRequest)
2017-12-05 15:23:27.624 [restartedMain] INFO  o.s.w.s.m.m.a.RequestMappingHandlerMapping - Mapped "{[/error],produces=[text/html]}" onto public org.springframework.web.servlet.ModelAndView org.springframework.boot.autoconfigure.web.BasicErrorController.errorHtml(javax.servlet.http.HttpServletRequest,javax.servlet.http.HttpServletResponse)
2017-12-05 15:23:27.692 [restartedMain] INFO  o.s.web.servlet.handler.SimpleUrlHandlerMapping - Mapped URL path [/webjars/**] onto handler of type [class org.springframework.web.servlet.resource.ResourceHttpRequestHandler]
2017-12-05 15:23:27.692 [restartedMain] INFO  o.s.web.servlet.handler.SimpleUrlHandlerMapping - Mapped URL path [/**] onto handler of type [class org.springframework.web.servlet.resource.ResourceHttpRequestHandler]
2017-12-05 15:23:27.761 [restartedMain] INFO  o.s.web.servlet.handler.SimpleUrlHandlerMapping - Mapped URL path [/**/favicon.ico] onto handler of type [class org.springframework.web.servlet.resource.ResourceHttpRequestHandler]
2017-12-05 15:23:28.048 [restartedMain] INFO  o.s.w.servlet.view.freemarker.FreeMarkerConfigurer - ClassTemplateLoader for Spring macros added to FreeMarker configuration
2017-12-05 15:23:28.225 [restartedMain] INFO  o.s.b.d.autoconfigure.OptionalLiveReloadServer - LiveReload server is running on port 35729
2017-12-05 15:23:28.271 [restartedMain] INFO  o.s.jmx.export.annotation.AnnotationMBeanExporter - Registering beans for JMX exposure on startup
2017-12-05 15:23:28.272 [restartedMain] INFO  o.s.jmx.export.annotation.AnnotationMBeanExporter - Bean with name 'druidDataSource' has been autodetected for JMX exposure
2017-12-05 15:23:28.277 [restartedMain] INFO  o.s.jmx.export.annotation.AnnotationMBeanExporter - Located MBean 'druidDataSource': registering with JMX server as MBean [com.alibaba.druid.pool:name=druidDataSource,type=DruidDataSource]
2017-12-05 15:23:28.288 [restartedMain] INFO  org.apache.coyote.http11.Http11NioProtocol - Initializing ProtocolHandler ["http-nio-8088"]
2017-12-05 15:23:28.297 [restartedMain] INFO  org.apache.coyote.http11.Http11NioProtocol - Starting ProtocolHandler ["http-nio-8088"]
2017-12-05 15:23:28.306 [restartedMain] INFO  org.apache.tomcat.util.net.NioSelectorPool - Using a shared selector for servlet write/read
2017-12-05 15:23:28.320 [restartedMain] INFO  o.s.b.c.e.tomcat.TomcatEmbeddedServletContainer - Tomcat started on port(s): 8088 (http)
2017-12-05 15:23:28.325 [restartedMain] INFO  com.hansholdings.AdusermanageApplication - Started AdusermanageApplication in 7.689 seconds (JVM running for 8.178)
2017-12-05 15:24:35.970 [http-nio-8088-exec-1] INFO  o.a.c.core.ContainerBase.[Tomcat].[localhost].[/] - Initializing Spring FrameworkServlet 'dispatcherServlet'
2017-12-05 15:24:35.971 [http-nio-8088-exec-1] INFO  org.springframework.web.servlet.DispatcherServlet - FrameworkServlet 'dispatcherServlet': initialization started
2017-12-05 15:24:36.000 [http-nio-8088-exec-1] INFO  org.springframework.web.servlet.DispatcherServlet - FrameworkServlet 'dispatcherServlet': initialization completed in 29 ms
2017-12-05 15:25:18.046 [http-nio-8088-exec-5] ERROR o.a.c.c.C.[.[localhost].[/].[dispatcherServlet] - Servlet.service() for servlet [dispatcherServlet] in context with path [] threw exception [Request processing failed; nested exception is java.lang.NullPointerException] with root cause
java.lang.NullPointerException: null
	at com.hansholdings.basic.utils.ConfigUtil.readParam(ConfigUtil.java:27)
	at com.hansholdings.manage.dao.BaseADDao.getLdapInfo(BaseADDao.java:1185)
	at com.hansholdings.manage.dao.ILdapDao.getLdapInfo(ILdapDao.java:18)
	at com.hansholdings.manage.dao.ILdapDao$$FastClassBySpringCGLIB$$551d9c14.invoke(<generated>)
	at org.springframework.cglib.proxy.MethodProxy.invoke(MethodProxy.java:204)
	at org.springframework.aop.framework.CglibAopProxy$CglibMethodInvocation.invokeJoinpoint(CglibAopProxy.java:738)
	at org.springframework.aop.framework.ReflectiveMethodInvocation.proceed(ReflectiveMethodInvocation.java:157)
	at org.springframework.dao.support.PersistenceExceptionTranslationInterceptor.invoke(PersistenceExceptionTranslationInterceptor.java:136)
	at org.springframework.aop.framework.ReflectiveMethodInvocation.proceed(ReflectiveMethodInvocation.java:179)
	at org.springframework.aop.framework.CglibAopProxy$DynamicAdvisedInterceptor.intercept(CglibAopProxy.java:673)
	at com.hansholdings.manage.dao.ILdapDao$$EnhancerBySpringCGLIB$$f5bf16f3.getLdapInfo(<generated>)
	at com.hansholdings.manage.service.impl.LdapServiceImpl.getLdapInfo(LdapServiceImpl.java:25)
	at com.hansholdings.manage.controller.LdapController.index(LdapController.java:23)
	at sun.reflect.NativeMethodAccessorImpl.invoke0(Native Method)
	at sun.reflect.NativeMethodAccessorImpl.invoke(NativeMethodAccessorImpl.java:62)
	at sun.reflect.DelegatingMethodAccessorImpl.invoke(DelegatingMethodAccessorImpl.java:43)
	at java.lang.reflect.Method.invoke(Method.java:498)
	at org.springframework.web.method.support.InvocableHandlerMethod.doInvoke(InvocableHandlerMethod.java:205)
	at org.springframework.web.method.support.InvocableHandlerMethod.invokeForRequest(InvocableHandlerMethod.java:133)
	at org.springframework.web.servlet.mvc.method.annotation.ServletInvocableHandlerMethod.invokeAndHandle(ServletInvocableHandlerMethod.java:97)
	at org.springframework.web.servlet.mvc.method.annotation.RequestMappingHandlerAdapter.invokeHandlerMethod(RequestMappingHandlerAdapter.java:827)
	at org.springframework.web.servlet.mvc.method.annotation.RequestMappingHandlerAdapter.handleInternal(RequestMappingHandlerAdapter.java:738)
	at org.springframework.web.servlet.mvc.method.AbstractHandlerMethodAdapter.handle(AbstractHandlerMethodAdapter.java:85)
	at org.springframework.web.servlet.DispatcherServlet.doDispatch(DispatcherServlet.java:967)
	at org.springframework.web.servlet.DispatcherServlet.doService(DispatcherServlet.java:901)
	at org.springframework.web.servlet.FrameworkServlet.processRequest(FrameworkServlet.java:970)
	at org.springframework.web.servlet.FrameworkServlet.doGet(FrameworkServlet.java:861)
	at javax.servlet.http.HttpServlet.service(HttpServlet.java:622)
	at org.springframework.web.servlet.FrameworkServlet.service(FrameworkServlet.java:846)
	at javax.servlet.http.HttpServlet.service(HttpServlet.java:729)
	at org.apache.catalina.core.ApplicationFilterChain.internalDoFilter(ApplicationFilterChain.java:231)
	at org.apache.catalina.core.ApplicationFilterChain.doFilter(ApplicationFilterChain.java:166)
	at org.apache.tomcat.websocket.server.WsFilter.doFilter(WsFilter.java:52)
	at org.apache.catalina.core.ApplicationFilterChain.internalDoFilter(ApplicationFilterChain.java:193)
	at org.apache.catalina.core.ApplicationFilterChain.doFilter(ApplicationFilterChain.java:166)
	at org.apache.shiro.web.servlet.ProxiedFilterChain.doFilter(ProxiedFilterChain.java:61)
	at org.apache.shiro.web.servlet.AdviceFilter.executeChain(AdviceFilter.java:108)
	at org.apache.shiro.web.servlet.AdviceFilter.doFilterInternal(AdviceFilter.java:137)
	at org.apache.shiro.web.servlet.OncePerRequestFilter.doFilter(OncePerRequestFilter.java:125)
	at org.apache.shiro.web.servlet.ProxiedFilterChain.doFilter(ProxiedFilterChain.java:66)
	at org.apache.shiro.web.servlet.AbstractShiroFilter.executeChain(AbstractShiroFilter.java:449)
	at org.apache.shiro.web.servlet.AbstractShiroFilter$1.call(AbstractShiroFilter.java:365)
	at org.apache.shiro.subject.support.SubjectCallable.doCall(SubjectCallable.java:90)
	at org.apache.shiro.subject.support.SubjectCallable.call(SubjectCallable.java:83)
	at org.apache.shiro.subject.support.DelegatingSubject.execute(DelegatingSubject.java:383)
	at org.apache.shiro.web.servlet.AbstractShiroFilter.doFilterInternal(AbstractShiroFilter.java:362)
	at org.apache.shiro.web.servlet.OncePerRequestFilter.doFilter(OncePerRequestFilter.java:125)
	at org.apache.catalina.core.ApplicationFilterChain.internalDoFilter(ApplicationFilterChain.java:193)
	at org.apache.catalina.core.ApplicationFilterChain.doFilter(ApplicationFilterChain.java:166)
	at com.alibaba.druid.support.http.WebStatFilter.doFilter(WebStatFilter.java:123)
	at org.apache.catalina.core.ApplicationFilterChain.internalDoFilter(ApplicationFilterChain.java:193)
	at org.apache.catalina.core.ApplicationFilterChain.doFilter(ApplicationFilterChain.java:166)
	at org.springframework.orm.jpa.support.OpenEntityManagerInViewFilter.doFilterInternal(OpenEntityManagerInViewFilter.java:178)
	at org.springframework.web.filter.OncePerRequestFilter.doFilter(OncePerRequestFilter.java:107)
	at org.apache.catalina.core.ApplicationFilterChain.internalDoFilter(ApplicationFilterChain.java:193)
	at org.apache.catalina.core.ApplicationFilterChain.doFilter(ApplicationFilterChain.java:166)
	at org.springframework.web.filter.RequestContextFilter.doFilterInternal(RequestContextFilter.java:99)
	at org.springframework.web.filter.OncePerRequestFilter.doFilter(OncePerRequestFilter.java:107)
	at org.apache.catalina.core.ApplicationFilterChain.internalDoFilter(ApplicationFilterChain.java:193)
	at org.apache.catalina.core.ApplicationFilterChain.doFilter(ApplicationFilterChain.java:166)
	at org.springframework.web.filter.HttpPutFormContentFilter.doFilterInternal(HttpPutFormContentFilter.java:105)
	at org.springframework.web.filter.OncePerRequestFilter.doFilter(OncePerRequestFilter.java:107)
	at org.apache.catalina.core.ApplicationFilterChain.internalDoFilter(ApplicationFilterChain.java:193)
	at org.apache.catalina.core.ApplicationFilterChain.doFilter(ApplicationFilterChain.java:166)
	at org.springframework.web.filter.HiddenHttpMethodFilter.doFilterInternal(HiddenHttpMethodFilter.java:81)
	at org.springframework.web.filter.OncePerRequestFilter.doFilter(OncePerRequestFilter.java:107)
	at org.apache.catalina.core.ApplicationFilterChain.internalDoFilter(ApplicationFilterChain.java:193)
	at org.apache.catalina.core.ApplicationFilterChain.doFilter(ApplicationFilterChain.java:166)
	at org.springframework.web.filter.CharacterEncodingFilter.doFilterInternal(CharacterEncodingFilter.java:197)
	at org.springframework.web.filter.OncePerRequestFilter.doFilter(OncePerRequestFilter.java:107)
	at org.apache.catalina.core.ApplicationFilterChain.internalDoFilter(ApplicationFilterChain.java:193)
	at org.apache.catalina.core.ApplicationFilterChain.doFilter(ApplicationFilterChain.java:166)
	at org.apache.catalina.core.StandardWrapperValve.invoke(StandardWrapperValve.java:198)
	at org.apache.catalina.core.StandardContextValve.invoke(StandardContextValve.java:96)
	at org.apache.catalina.authenticator.AuthenticatorBase.invoke(AuthenticatorBase.java:478)
	at org.apache.catalina.core.StandardHostValve.invoke(StandardHostValve.java:140)
	at org.apache.catalina.valves.ErrorReportValve.invoke(ErrorReportValve.java:80)
	at org.apache.catalina.core.StandardEngineValve.invoke(StandardEngineValve.java:87)
	at org.apache.catalina.connector.CoyoteAdapter.service(CoyoteAdapter.java:342)
	at org.apache.coyote.http11.Http11Processor.service(Http11Processor.java:799)
	at org.apache.coyote.AbstractProcessorLight.process(AbstractProcessorLight.java:66)
	at org.apache.coyote.AbstractProtocol$ConnectionHandler.process(AbstractProtocol.java:861)
	at org.apache.tomcat.util.net.NioEndpoint$SocketProcessor.doRun(NioEndpoint.java:1455)
	at org.apache.tomcat.util.net.SocketProcessorBase.run(SocketProcessorBase.java:49)
	at java.util.concurrent.ThreadPoolExecutor.runWorker(ThreadPoolExecutor.java:1142)
	at java.util.concurrent.ThreadPoolExecutor$Worker.run(ThreadPoolExecutor.java:617)
	at org.apache.tomcat.util.threads.TaskThread$WrappingRunnable.run(TaskThread.java:61)
	at java.lang.Thread.run(Thread.java:745)
