2017-10-16 11:00:53.483 [restartedMain] INFO  com.hansholdings.AdusermanageApplication - Starting AdusermanageApplication on KGA-A010-0275 with PID 5760 (D:\java\workspace\ADhelperProject\target\classes started by huxm11315 in D:\java\workspace\ADhelperProject)
2017-10-16 11:00:53.485 [restartedMain] INFO  com.hansholdings.AdusermanageApplication - No active profile set, falling back to default profiles: default
2017-10-16 11:00:53.535 [restartedMain] INFO  o.s.b.c.e.AnnotationConfigEmbeddedWebApplicationContext - Refreshing org.springframework.boot.context.embedded.AnnotationConfigEmbeddedWebApplicationContext@32c9f802: startup date [Mon Oct 16 11:00:53 CST 2017]; root of context hierarchy
2017-10-16 11:00:53.667 [background-preinit] INFO  org.hibernate.validator.internal.util.Version - HV000001: Hibernate Validator 5.3.5.Final
2017-10-16 11:00:54.832 [restartedMain] INFO  o.s.c.s.PostProcessorRegistrationDelegate$BeanPostProcessorChecker - Bean 'com.hansholdings.autoconfigure.shiro.ShiroManager' of type [com.hansholdings.autoconfigure.shiro.ShiroManager] is not eligible for getting processed by all BeanPostProcessors (for example: not eligible for auto-proxying)
2017-10-16 11:00:55.048 [restartedMain] INFO  o.s.c.s.PostProcessorRegistrationDelegate$BeanPostProcessorChecker - Bean 'org.springframework.transaction.annotation.ProxyTransactionManagementConfiguration' of type [org.springframework.transaction.annotation.ProxyTransactionManagementConfiguration$$EnhancerBySpringCGLIB$$b95cf106] is not eligible for getting processed by all BeanPostProcessors (for example: not eligible for auto-proxying)
2017-10-16 11:00:55.138 [restartedMain] INFO  o.s.c.s.PostProcessorRegistrationDelegate$BeanPostProcessorChecker - Bean 'shiro-com.hansholdings.autoconfigure.shiro.ShiroProperties' of type [com.hansholdings.autoconfigure.shiro.ShiroProperties] is not eligible for getting processed by all BeanPostProcessors (for example: not eligible for auto-proxying)
2017-10-16 11:00:55.142 [restartedMain] INFO  o.s.c.s.PostProcessorRegistrationDelegate$BeanPostProcessorChecker - Bean 'shiroAutoConfiguration' of type [com.hansholdings.autoconfigure.shiro.ShiroAutoConfiguration$$EnhancerBySpringCGLIB$$f3e229c8] is not eligible for getting processed by all BeanPostProcessors (for example: not eligible for auto-proxying)
2017-10-16 11:00:55.171 [restartedMain] INFO  o.s.c.s.PostProcessorRegistrationDelegate$BeanPostProcessorChecker - Bean 'shiroCacheManager' of type [org.apache.shiro.cache.MemoryConstrainedCacheManager] is not eligible for getting processed by all BeanPostProcessors (for example: not eligible for auto-proxying)
2017-10-16 11:00:55.182 [restartedMain] INFO  o.s.c.s.PostProcessorRegistrationDelegate$BeanPostProcessorChecker - Bean 'securityManager' of type [org.apache.shiro.web.mgt.DefaultWebSecurityManager] is not eligible for getting processed by all BeanPostProcessors (for example: not eligible for auto-proxying)
2017-10-16 11:00:55.222 [restartedMain] INFO  o.s.c.s.PostProcessorRegistrationDelegate$BeanPostProcessorChecker - Bean '(inner bean)#1f391bdc' of type [org.springframework.beans.factory.config.PropertiesFactoryBean] is not eligible for getting processed by all BeanPostProcessors (for example: not eligible for auto-proxying)
2017-10-16 11:00:55.223 [restartedMain] INFO  o.s.c.s.PostProcessorRegistrationDelegate$BeanPostProcessorChecker - Bean '(inner bean)#1f391bdc' of type [java.util.Properties] is not eligible for getting processed by all BeanPostProcessors (for example: not eligible for auto-proxying)
2017-10-16 11:00:55.226 [restartedMain] INFO  o.s.c.s.PostProcessorRegistrationDelegate$BeanPostProcessorChecker - Bean '(inner bean)#35e4227a' of type [org.springframework.data.repository.core.support.PropertiesBasedNamedQueries] is not eligible for getting processed by all BeanPostProcessors (for example: not eligible for auto-proxying)
2017-10-16 11:00:55.230 [restartedMain] INFO  o.s.c.s.PostProcessorRegistrationDelegate$BeanPostProcessorChecker - Bean '(inner bean)#59ef64b5' of type [org.springframework.data.repository.query.ExtensionAwareEvaluationContextProvider] is not eligible for getting processed by all BeanPostProcessors (for example: not eligible for auto-proxying)
2017-10-16 11:00:55.235 [restartedMain] INFO  o.s.c.s.PostProcessorRegistrationDelegate$BeanPostProcessorChecker - Bean 'dataSourceConfiguration' of type [com.hansholdings.autoconfigure.druid.DataSourceConfiguration$$EnhancerBySpringCGLIB$$3cbffd26] is not eligible for getting processed by all BeanPostProcessors (for example: not eligible for auto-proxying)
2017-10-16 11:00:55.298 [restartedMain] INFO  o.s.c.s.PostProcessorRegistrationDelegate$BeanPostProcessorChecker - Bean 'druidDataSource' of type [com.alibaba.druid.pool.DruidDataSource] is not eligible for getting processed by all BeanPostProcessors (for example: not eligible for auto-proxying)
2017-10-16 11:00:55.306 [restartedMain] INFO  o.s.c.s.PostProcessorRegistrationDelegate$BeanPostProcessorChecker - Bean 'org.springframework.boot.autoconfigure.jdbc.DataSourceAutoConfiguration' of type [org.springframework.boot.autoconfigure.jdbc.DataSourceAutoConfiguration$$EnhancerBySpringCGLIB$$9b509466] is not eligible for getting processed by all BeanPostProcessors (for example: not eligible for auto-proxying)
2017-10-16 11:00:55.334 [restartedMain] INFO  o.s.c.s.PostProcessorRegistrationDelegate$BeanPostProcessorChecker - Bean 'spring.datasource-org.springframework.boot.autoconfigure.jdbc.DataSourceProperties' of type [org.springframework.boot.autoconfigure.jdbc.DataSourceProperties] is not eligible for getting processed by all BeanPostProcessors (for example: not eligible for auto-proxying)
2017-10-16 11:00:55.344 [restartedMain] INFO  o.s.c.s.PostProcessorRegistrationDelegate$BeanPostProcessorChecker - Bean 'dataSourceInitializer' of type [org.springframework.boot.autoconfigure.jdbc.DataSourceInitializer] is not eligible for getting processed by all BeanPostProcessors (for example: not eligible for auto-proxying)
2017-10-16 11:00:55.358 [restartedMain] INFO  o.s.c.s.PostProcessorRegistrationDelegate$BeanPostProcessorChecker - Bean 'spring.jpa-org.springframework.boot.autoconfigure.orm.jpa.JpaProperties' of type [org.springframework.boot.autoconfigure.orm.jpa.JpaProperties] is not eligible for getting processed by all BeanPostProcessors (for example: not eligible for auto-proxying)
2017-10-16 11:00:55.367 [restartedMain] INFO  o.s.c.s.PostProcessorRegistrationDelegate$BeanPostProcessorChecker - Bean 'org.springframework.boot.autoconfigure.transaction.TransactionAutoConfiguration' of type [org.springframework.boot.autoconfigure.transaction.TransactionAutoConfiguration$$EnhancerBySpringCGLIB$$4dd0ec10] is not eligible for getting processed by all BeanPostProcessors (for example: not eligible for auto-proxying)
2017-10-16 11:00:55.375 [restartedMain] INFO  o.s.c.s.PostProcessorRegistrationDelegate$BeanPostProcessorChecker - Bean 'spring.transaction-org.springframework.boot.autoconfigure.transaction.TransactionProperties' of type [org.springframework.boot.autoconfigure.transaction.TransactionProperties] is not eligible for getting processed by all BeanPostProcessors (for example: not eligible for auto-proxying)
2017-10-16 11:00:55.378 [restartedMain] INFO  o.s.c.s.PostProcessorRegistrationDelegate$BeanPostProcessorChecker - Bean 'platformTransactionManagerCustomizers' of type [org.springframework.boot.autoconfigure.transaction.TransactionManagerCustomizers] is not eligible for getting processed by all BeanPostProcessors (for example: not eligible for auto-proxying)
2017-10-16 11:00:55.385 [restartedMain] INFO  o.s.c.s.PostProcessorRegistrationDelegate$BeanPostProcessorChecker - Bean 'org.springframework.boot.autoconfigure.orm.jpa.HibernateJpaAutoConfiguration' of type [org.springframework.boot.autoconfigure.orm.jpa.HibernateJpaAutoConfiguration$$EnhancerBySpringCGLIB$$22e35526] is not eligible for getting processed by all BeanPostProcessors (for example: not eligible for auto-proxying)
2017-10-16 11:00:55.443 [restartedMain] INFO  com.alibaba.druid.pool.DruidDataSource - {dataSource-1} inited
2017-10-16 11:00:55.696 [restartedMain] INFO  o.s.c.s.PostProcessorRegistrationDelegate$BeanPostProcessorChecker - Bean 'jpaVendorAdapter' of type [org.springframework.orm.jpa.vendor.HibernateJpaVendorAdapter] is not eligible for getting processed by all BeanPostProcessors (for example: not eligible for auto-proxying)
2017-10-16 11:00:55.699 [restartedMain] INFO  o.s.c.s.PostProcessorRegistrationDelegate$BeanPostProcessorChecker - Bean 'entityManagerFactoryBuilder' of type [org.springframework.boot.orm.jpa.EntityManagerFactoryBuilder] is not eligible for getting processed by all BeanPostProcessors (for example: not eligible for auto-proxying)
2017-10-16 11:00:55.745 [restartedMain] INFO  o.s.orm.jpa.LocalContainerEntityManagerFactoryBean - Building JPA container EntityManagerFactory for persistence unit 'default'
2017-10-16 11:00:55.759 [restartedMain] INFO  org.hibernate.jpa.internal.util.LogHelper - HHH000204: Processing PersistenceUnitInfo [
	name: default
	...]
2017-10-16 11:00:55.845 [restartedMain] INFO  org.hibernate.Version - HHH000412: Hibernate Core {5.0.12.Final}
2017-10-16 11:00:55.847 [restartedMain] INFO  org.hibernate.cfg.Environment - HHH000206: hibernate.properties not found
2017-10-16 11:00:55.848 [restartedMain] INFO  org.hibernate.cfg.Environment - HHH000021: Bytecode provider name : javassist
2017-10-16 11:00:55.890 [restartedMain] INFO  org.hibernate.annotations.common.Version - HCANN000001: Hibernate Commons Annotations {5.0.1.Final}
2017-10-16 11:00:56.056 [restartedMain] INFO  org.hibernate.dialect.Dialect - HHH000400: Using dialect: org.hibernate.dialect.MySQL5Dialect
2017-10-16 11:00:56.547 [restartedMain] INFO  org.hibernate.tool.hbm2ddl.SchemaUpdate - HHH000228: Running hbm2ddl schema update
2017-10-16 11:00:57.250 [restartedMain] INFO  o.s.orm.jpa.LocalContainerEntityManagerFactoryBean - Initialized JPA EntityManagerFactory for persistence unit 'default'
2017-10-16 11:00:57.253 [restartedMain] INFO  o.s.c.s.PostProcessorRegistrationDelegate$BeanPostProcessorChecker - Bean 'entityManagerFactory' of type [org.springframework.orm.jpa.LocalContainerEntityManagerFactoryBean] is not eligible for getting processed by all BeanPostProcessors (for example: not eligible for auto-proxying)
2017-10-16 11:00:57.254 [restartedMain] INFO  o.s.c.s.PostProcessorRegistrationDelegate$BeanPostProcessorChecker - Bean 'entityManagerFactory' of type [com.sun.proxy.$Proxy93] is not eligible for getting processed by all BeanPostProcessors (for example: not eligible for auto-proxying)
2017-10-16 11:00:57.264 [restartedMain] INFO  o.s.c.s.PostProcessorRegistrationDelegate$BeanPostProcessorChecker - Bean '(inner bean)#7b1d89d4' of type [com.sun.proxy.$Proxy95] is not eligible for getting processed by all BeanPostProcessors (for example: not eligible for auto-proxying)
2017-10-16 11:00:57.389 [restartedMain] INFO  o.s.c.s.PostProcessorRegistrationDelegate$BeanPostProcessorChecker - Bean 'jpaMappingContext' of type [org.springframework.data.jpa.repository.config.JpaMetamodelMappingContextFactoryBean] is not eligible for getting processed by all BeanPostProcessors (for example: not eligible for auto-proxying)
2017-10-16 11:00:57.390 [restartedMain] INFO  o.s.c.s.PostProcessorRegistrationDelegate$BeanPostProcessorChecker - Bean 'jpaMappingContext' of type [org.springframework.data.jpa.mapping.JpaMetamodelMappingContext] is not eligible for getting processed by all BeanPostProcessors (for example: not eligible for auto-proxying)
2017-10-16 11:00:57.505 [restartedMain] INFO  o.h.hql.internal.QueryTranslatorFactoryInitiator - HHH000397: Using ASTQueryTranslatorFactory
2017-10-16 11:00:57.593 [restartedMain] INFO  o.s.c.s.PostProcessorRegistrationDelegate$BeanPostProcessorChecker - Bean 'IAdminDao' of type [org.springframework.data.jpa.repository.support.JpaRepositoryFactoryBean] is not eligible for getting processed by all BeanPostProcessors (for example: not eligible for auto-proxying)
2017-10-16 11:00:57.593 [restartedMain] INFO  o.s.c.s.PostProcessorRegistrationDelegate$BeanPostProcessorChecker - Bean 'IAdminDao' of type [com.sun.proxy.$Proxy98] is not eligible for getting processed by all BeanPostProcessors (for example: not eligible for auto-proxying)
2017-10-16 11:00:57.604 [restartedMain] INFO  o.s.c.s.PostProcessorRegistrationDelegate$BeanPostProcessorChecker - Bean '(inner bean)#767ba211' of type [org.springframework.beans.factory.config.PropertiesFactoryBean] is not eligible for getting processed by all BeanPostProcessors (for example: not eligible for auto-proxying)
2017-10-16 11:00:57.604 [restartedMain] INFO  o.s.c.s.PostProcessorRegistrationDelegate$BeanPostProcessorChecker - Bean '(inner bean)#767ba211' of type [java.util.Properties] is not eligible for getting processed by all BeanPostProcessors (for example: not eligible for auto-proxying)
2017-10-16 11:00:57.604 [restartedMain] INFO  o.s.c.s.PostProcessorRegistrationDelegate$BeanPostProcessorChecker - Bean '(inner bean)#44e58b58' of type [org.springframework.data.repository.core.support.PropertiesBasedNamedQueries] is not eligible for getting processed by all BeanPostProcessors (for example: not eligible for auto-proxying)
2017-10-16 11:00:57.605 [restartedMain] INFO  o.s.c.s.PostProcessorRegistrationDelegate$BeanPostProcessorChecker - Bean '(inner bean)#58273934' of type [org.springframework.data.repository.query.ExtensionAwareEvaluationContextProvider] is not eligible for getting processed by all BeanPostProcessors (for example: not eligible for auto-proxying)
2017-10-16 11:00:57.605 [restartedMain] INFO  o.s.c.s.PostProcessorRegistrationDelegate$BeanPostProcessorChecker - Bean '(inner bean)#624c8563' of type [com.sun.proxy.$Proxy95] is not eligible for getting processed by all BeanPostProcessors (for example: not eligible for auto-proxying)
2017-10-16 11:00:57.611 [restartedMain] INFO  o.s.c.s.PostProcessorRegistrationDelegate$BeanPostProcessorChecker - Bean 'IRoleDao' of type [org.springframework.data.jpa.repository.support.JpaRepositoryFactoryBean] is not eligible for getting processed by all BeanPostProcessors (for example: not eligible for auto-proxying)
2017-10-16 11:00:57.612 [restartedMain] INFO  o.s.c.s.PostProcessorRegistrationDelegate$BeanPostProcessorChecker - Bean 'IRoleDao' of type [com.sun.proxy.$Proxy101] is not eligible for getting processed by all BeanPostProcessors (for example: not eligible for auto-proxying)
2017-10-16 11:00:57.617 [restartedMain] INFO  o.s.c.s.PostProcessorRegistrationDelegate$BeanPostProcessorChecker - Bean '(inner bean)#13b142d8' of type [org.springframework.beans.factory.config.PropertiesFactoryBean] is not eligible for getting processed by all BeanPostProcessors (for example: not eligible for auto-proxying)
2017-10-16 11:00:57.618 [restartedMain] INFO  o.s.c.s.PostProcessorRegistrationDelegate$BeanPostProcessorChecker - Bean '(inner bean)#13b142d8' of type [java.util.Properties] is not eligible for getting processed by all BeanPostProcessors (for example: not eligible for auto-proxying)
2017-10-16 11:00:57.618 [restartedMain] INFO  o.s.c.s.PostProcessorRegistrationDelegate$BeanPostProcessorChecker - Bean '(inner bean)#4eaabdb1' of type [org.springframework.data.repository.core.support.PropertiesBasedNamedQueries] is not eligible for getting processed by all BeanPostProcessors (for example: not eligible for auto-proxying)
2017-10-16 11:00:57.618 [restartedMain] INFO  o.s.c.s.PostProcessorRegistrationDelegate$BeanPostProcessorChecker - Bean '(inner bean)#7c8e00b8' of type [org.springframework.data.repository.query.ExtensionAwareEvaluationContextProvider] is not eligible for getting processed by all BeanPostProcessors (for example: not eligible for auto-proxying)
2017-10-16 11:00:57.619 [restartedMain] INFO  o.s.c.s.PostProcessorRegistrationDelegate$BeanPostProcessorChecker - Bean '(inner bean)#7327fb3' of type [com.sun.proxy.$Proxy95] is not eligible for getting processed by all BeanPostProcessors (for example: not eligible for auto-proxying)
2017-10-16 11:00:57.632 [restartedMain] INFO  o.s.c.s.PostProcessorRegistrationDelegate$BeanPostProcessorChecker - Bean 'IFunctionDao' of type [org.springframework.data.jpa.repository.support.JpaRepositoryFactoryBean] is not eligible for getting processed by all BeanPostProcessors (for example: not eligible for auto-proxying)
2017-10-16 11:00:57.632 [restartedMain] INFO  o.s.c.s.PostProcessorRegistrationDelegate$BeanPostProcessorChecker - Bean 'IFunctionDao' of type [com.sun.proxy.$Proxy103] is not eligible for getting processed by all BeanPostProcessors (for example: not eligible for auto-proxying)
2017-10-16 11:00:57.633 [restartedMain] INFO  o.s.c.s.PostProcessorRegistrationDelegate$BeanPostProcessorChecker - Bean 'functionServiceImpl' of type [com.hansholdings.manage.service.impl.FunctionServiceImpl] is not eligible for getting processed by all BeanPostProcessors (for example: not eligible for auto-proxying)
2017-10-16 11:00:57.675 [restartedMain] INFO  o.s.c.s.PostProcessorRegistrationDelegate$BeanPostProcessorChecker - Bean 'roleServiceImpl' of type [com.hansholdings.manage.service.impl.RoleServiceImpl] is not eligible for getting processed by all BeanPostProcessors (for example: not eligible for auto-proxying)
2017-10-16 11:00:57.693 [restartedMain] INFO  o.s.c.s.PostProcessorRegistrationDelegate$BeanPostProcessorChecker - Bean 'adminServiceImpl' of type [com.hansholdings.manage.service.impl.AdminServiceImpl] is not eligible for getting processed by all BeanPostProcessors (for example: not eligible for auto-proxying)
2017-10-16 11:00:57.712 [restartedMain] INFO  org.apache.shiro.realm.AuthorizingRealm - No cache or cacheManager properties have been set.  Authorization cache cannot be obtained.
2017-10-16 11:00:57.712 [restartedMain] INFO  o.s.c.s.PostProcessorRegistrationDelegate$BeanPostProcessorChecker - Bean 'userRealm' of type [com.hansholdings.authorization.shiro.realm.UserRealm] is not eligible for getting processed by all BeanPostProcessors (for example: not eligible for auto-proxying)
2017-10-16 11:00:57.726 [restartedMain] INFO  o.s.c.s.PostProcessorRegistrationDelegate$BeanPostProcessorChecker - Bean 'getAuthorizationAttributeSourceAdvisor' of type [org.apache.shiro.spring.security.interceptor.AuthorizationAttributeSourceAdvisor] is not eligible for getting processed by all BeanPostProcessors (for example: not eligible for auto-proxying)
2017-10-16 11:00:58.023 [restartedMain] INFO  o.s.b.c.e.tomcat.TomcatEmbeddedServletContainer - Tomcat initialized with port(s): 8088 (http)
2017-10-16 11:00:58.033 [restartedMain] INFO  org.apache.catalina.core.StandardService - Starting service [Tomcat]
2017-10-16 11:00:58.033 [restartedMain] INFO  org.apache.catalina.core.StandardEngine - Starting Servlet Engine: Apache Tomcat/8.5.15
2017-10-16 11:00:58.129 [localhost-startStop-1] INFO  o.a.c.core.ContainerBase.[Tomcat].[localhost].[/] - Initializing Spring embedded WebApplicationContext
2017-10-16 11:00:58.129 [localhost-startStop-1] INFO  org.springframework.web.context.ContextLoader - Root WebApplicationContext: initialization completed in 4594 ms
2017-10-16 11:00:58.348 [localhost-startStop-1] INFO  o.s.boot.web.servlet.FilterRegistrationBean - Mapping filter: 'characterEncodingFilter' to: [/*]
2017-10-16 11:00:58.349 [localhost-startStop-1] INFO  o.s.boot.web.servlet.FilterRegistrationBean - Mapping filter: 'hiddenHttpMethodFilter' to: [/*]
2017-10-16 11:00:58.349 [localhost-startStop-1] INFO  o.s.boot.web.servlet.FilterRegistrationBean - Mapping filter: 'httpPutFormContentFilter' to: [/*]
2017-10-16 11:00:58.349 [localhost-startStop-1] INFO  o.s.boot.web.servlet.FilterRegistrationBean - Mapping filter: 'requestContextFilter' to: [/*]
2017-10-16 11:00:58.349 [localhost-startStop-1] INFO  o.s.boot.web.servlet.FilterRegistrationBean - Mapping filter: 'openEntityManagerInViewFilter' to urls: [/*]
2017-10-16 11:00:58.349 [localhost-startStop-1] INFO  o.s.boot.web.servlet.FilterRegistrationBean - Mapping filter: 'webStatFilter' to urls: [/*]
2017-10-16 11:00:58.349 [localhost-startStop-1] INFO  o.s.boot.web.servlet.FilterRegistrationBean - Mapping filter: 'shiroFilter' to: [/*]
2017-10-16 11:00:58.349 [localhost-startStop-1] INFO  o.s.boot.web.servlet.ServletRegistrationBean - Mapping servlet: 'statViewServlet' to [/druid/*]
2017-10-16 11:00:58.350 [localhost-startStop-1] INFO  o.s.boot.web.servlet.ServletRegistrationBean - Mapping servlet: 'dispatcherServlet' to [/]
2017-10-16 11:00:58.773 [restartedMain] INFO  o.s.w.s.m.m.a.RequestMappingHandlerAdapter - Looking for @ControllerAdvice: org.springframework.boot.context.embedded.AnnotationConfigEmbeddedWebApplicationContext@32c9f802: startup date [Mon Oct 16 11:00:53 CST 2017]; root of context hierarchy
2017-10-16 11:00:58.844 [restartedMain] INFO  o.s.w.s.m.m.a.RequestMappingHandlerMapping - Mapped "{[/admin || /admin/index]}" onto public java.lang.String com.hansholdings.manage.controller.AdminController.index(org.springframework.ui.Model)
2017-10-16 11:00:58.845 [restartedMain] INFO  o.s.w.s.m.m.a.RequestMappingHandlerMapping - Mapped "{[/admin/remove]}" onto public java.lang.String com.hansholdings.manage.controller.AdminController.remove(java.lang.Long)
2017-10-16 11:00:58.845 [restartedMain] INFO  o.s.w.s.m.m.a.RequestMappingHandlerMapping - Mapped "{[/admin/oauthsubmit]}" onto public java.lang.String com.hansholdings.manage.controller.AdminController.oauthsubmit(java.lang.Long,java.lang.Long[])
2017-10-16 11:00:58.845 [restartedMain] INFO  o.s.w.s.m.m.a.RequestMappingHandlerMapping - Mapped "{[/admin/saveOrUpdate]}" onto public java.lang.String com.hansholdings.manage.controller.AdminController.saveOrUpdate(com.hansholdings.manage.entity.Admin)
2017-10-16 11:00:58.846 [restartedMain] INFO  o.s.w.s.m.m.a.RequestMappingHandlerMapping - Mapped "{[/admin/oauth]}" onto public java.lang.String com.hansholdings.manage.controller.AdminController.oauth(java.lang.Long,org.springframework.ui.Model)
2017-10-16 11:00:58.847 [restartedMain] INFO  o.s.w.s.m.m.a.RequestMappingHandlerMapping - Mapped "{[/aduser/index]}" onto public java.lang.String com.hansholdings.manage.controller.AdUserController.index(org.springframework.ui.Model)
2017-10-16 11:00:58.847 [restartedMain] INFO  o.s.w.s.m.m.a.RequestMappingHandlerMapping - Mapped "{[/aduser/deleteUser/{uid}]}" onto public java.lang.String com.hansholdings.manage.controller.AdUserController.deleteUser(java.lang.String)
2017-10-16 11:00:58.847 [restartedMain] INFO  o.s.w.s.m.m.a.RequestMappingHandlerMapping - Mapped "{[/aduser/saveOrUpdate]}" onto public java.lang.String com.hansholdings.manage.controller.AdUserController.saveOrUpdate(com.hansholdings.manage.entity.User)
2017-10-16 11:00:58.860 [restartedMain] INFO  o.s.w.s.m.m.a.RequestMappingHandlerMapping - Mapped "{[/aduser/getUsers],produces=[text/json;charset=UTF-8]}" onto public com.alibaba.fastjson.JSONObject com.hansholdings.manage.controller.AdUserController.getUsers(com.hansholdings.manage.entity.QueryCondition)
2017-10-16 11:00:58.860 [restartedMain] INFO  o.s.w.s.m.m.a.RequestMappingHandlerMapping - Mapped "{[/aduser/validUserByQuery],produces=[text/json;charset=UTF-8]}" onto public java.lang.Boolean com.hansholdings.manage.controller.AdUserController.getUsersByquery(com.hansholdings.manage.entity.User)
2017-10-16 11:00:58.860 [restartedMain] INFO  o.s.w.s.m.m.a.RequestMappingHandlerMapping - Mapped "{[/aduser/upPwdUser]}" onto public java.lang.String com.hansholdings.manage.controller.AdUserController.upPwdUser(com.hansholdings.manage.entity.User)
2017-10-16 11:00:58.863 [restartedMain] INFO  o.s.w.s.m.m.a.RequestMappingHandlerMapping - Mapped "{[/function || /function/index]}" onto public java.lang.String com.hansholdings.manage.controller.FunctionController.index(org.springframework.ui.Model)
2017-10-16 11:00:58.864 [restartedMain] INFO  o.s.w.s.m.m.a.RequestMappingHandlerMapping - Mapped "{[/function/remove]}" onto public java.lang.String com.hansholdings.manage.controller.FunctionController.remove(java.lang.Long,org.springframework.ui.Model)
2017-10-16 11:00:58.864 [restartedMain] INFO  o.s.w.s.m.m.a.RequestMappingHandlerMapping - Mapped "{[/function/loadTreeNode]}" onto public com.hansholdings.basic.json.Result com.hansholdings.manage.controller.FunctionController.loadTreeNode()
2017-10-16 11:00:58.864 [restartedMain] INFO  o.s.w.s.m.m.a.RequestMappingHandlerMapping - Mapped "{[/function/add]}" onto public java.lang.String com.hansholdings.manage.controller.FunctionController.addFunction(com.hansholdings.manage.entity.Function,org.springframework.ui.Model)
2017-10-16 11:00:58.864 [restartedMain] INFO  o.s.w.s.m.m.a.RequestMappingHandlerMapping - Mapped "{[/function/findAll]}" onto public com.hansholdings.basic.json.Result com.hansholdings.manage.controller.FunctionController.findUserFunctions()
2017-10-16 11:00:58.865 [restartedMain] INFO  o.s.w.s.m.m.a.RequestMappingHandlerMapping - Mapped "{[ || /index]}" onto public java.lang.String com.hansholdings.manage.controller.IndexController.index(org.springframework.ui.Model)
2017-10-16 11:00:58.865 [restartedMain] INFO  o.s.w.s.m.m.a.RequestMappingHandlerMapping - Mapped "{[/logout],methods=[GET]}" onto public java.lang.String com.hansholdings.manage.controller.IndexController.logout()
2017-10-16 11:00:58.865 [restartedMain] INFO  o.s.w.s.m.m.a.RequestMappingHandlerMapping - Mapped "{[/register]}" onto public java.lang.String com.hansholdings.manage.controller.IndexController.registerView()
2017-10-16 11:00:58.866 [restartedMain] INFO  o.s.w.s.m.m.a.RequestMappingHandlerMapping - Mapped "{[/landary/ad]}" onto public com.alibaba.fastjson.JSONObject com.hansholdings.manage.controller.LandaryController.addUser(com.alibaba.fastjson.JSONObject)
2017-10-16 11:00:58.866 [restartedMain] INFO  o.s.w.s.m.m.a.RequestMappingHandlerMapping - Mapped "{[/ldap || /ldap/index]}" onto public java.lang.String com.hansholdings.manage.controller.LdapController.index(org.springframework.ui.Model)
2017-10-16 11:00:58.867 [restartedMain] INFO  o.s.w.s.m.m.a.RequestMappingHandlerMapping - Mapped "{[/ldap/saveOrUpdateLdap]}" onto public java.lang.String com.hansholdings.manage.controller.LdapController.saveOrUpdateOu(javax.servlet.http.HttpServletRequest)
2017-10-16 11:00:58.869 [restartedMain] INFO  o.s.w.s.m.m.a.RequestMappingHandlerMapping - Mapped "{[/login/submit],methods=[POST]}" onto public java.lang.String com.hansholdings.manage.controller.LoginController.submit(java.lang.String,java.lang.String)
2017-10-16 11:00:58.869 [restartedMain] INFO  o.s.w.s.m.m.a.RequestMappingHandlerMapping - Mapped "{[/login || /login/index]}" onto public java.lang.String com.hansholdings.manage.controller.LoginController.loginView()
2017-10-16 11:00:58.869 [restartedMain] INFO  o.s.w.s.m.m.a.RequestMappingHandlerMapping - Mapped "{[/login/single/{username}/{password}/{sAMAccountName}],methods=[GET]}" onto public java.lang.String com.hansholdings.manage.controller.LoginController.submit1(java.lang.String,java.lang.String,java.lang.String)
2017-10-16 11:00:58.871 [restartedMain] INFO  o.s.w.s.m.m.a.RequestMappingHandlerMapping - Mapped "{[/ou || /ou/index]}" onto public java.lang.String com.hansholdings.manage.controller.OuController.index(org.springframework.ui.Model)
2017-10-16 11:00:58.872 [restartedMain] INFO  o.s.w.s.m.m.a.RequestMappingHandlerMapping - Mapped "{[/ou/loadOuTree]}" onto public com.hansholdings.basic.json.Result com.hansholdings.manage.controller.OuController.function(java.lang.Long,org.springframework.ui.Model)
2017-10-16 11:00:58.872 [restartedMain] INFO  o.s.w.s.m.m.a.RequestMappingHandlerMapping - Mapped "{[/ou/getUsers],produces=[text/json;charset=UTF-8]}" onto public com.alibaba.fastjson.JSONObject com.hansholdings.manage.controller.OuController.getUsers(com.hansholdings.manage.entity.QueryCondition)
2017-10-16 11:00:58.872 [restartedMain] INFO  o.s.w.s.m.m.a.RequestMappingHandlerMapping - Mapped "{[/ou/validOuByQuery],produces=[text/json;charset=UTF-8]}" onto public java.lang.Boolean com.hansholdings.manage.controller.OuController.getUsersByquery(com.hansholdings.manage.entity.OU)
2017-10-16 11:00:58.873 [restartedMain] INFO  o.s.w.s.m.m.a.RequestMappingHandlerMapping - Mapped "{[/ou/saveOrUpdateUser],methods=[POST]}" onto public java.lang.String com.hansholdings.manage.controller.OuController.saveOrUpdateUser(com.hansholdings.manage.entity.User)
2017-10-16 11:00:58.873 [restartedMain] INFO  o.s.w.s.m.m.a.RequestMappingHandlerMapping - Mapped "{[/ou/saveOrUpdateOu]}" onto public java.lang.String com.hansholdings.manage.controller.OuController.saveOrUpdateOu(com.hansholdings.manage.entity.OU)
2017-10-16 11:00:58.874 [restartedMain] INFO  o.s.w.s.m.m.a.RequestMappingHandlerMapping - Mapped "{[/ou/getOus],produces=[text/json;charset=UTF-8]}" onto public com.alibaba.fastjson.JSONObject com.hansholdings.manage.controller.OuController.getOus(com.hansholdings.manage.entity.QueryCondition)
2017-10-16 11:00:58.874 [restartedMain] INFO  o.s.w.s.m.m.a.RequestMappingHandlerMapping - Mapped "{[/ou/disou]}" onto public java.lang.String com.hansholdings.manage.controller.OuController.disOuIndex(org.springframework.ui.Model)
2017-10-16 11:00:58.874 [restartedMain] INFO  o.s.w.s.m.m.a.RequestMappingHandlerMapping - Mapped "{[/ou/getOUBydes],produces=[text/json;charset=UTF-8]}" onto public com.alibaba.fastjson.JSONArray com.hansholdings.manage.controller.OuController.getOUBydes(javax.servlet.http.HttpServletRequest)
2017-10-16 11:00:58.875 [restartedMain] INFO  o.s.w.s.m.m.a.RequestMappingHandlerMapping - Mapped "{[/position || /position/index]}" onto public java.lang.String com.hansholdings.manage.controller.PositionController.index(org.springframework.ui.Model)
2017-10-16 11:00:58.876 [restartedMain] INFO  o.s.w.s.m.m.a.RequestMappingHandlerMapping - Mapped "{[/position/getMembers/{uid}],produces=[text/json;charset=UTF-8]}" onto public java.lang.String com.hansholdings.manage.controller.PositionController.getMembers(java.lang.String)
2017-10-16 11:00:58.876 [restartedMain] INFO  o.s.w.s.m.m.a.RequestMappingHandlerMapping - Mapped "{[/position/getPositions],produces=[text/json;charset=UTF-8]}" onto public java.lang.String com.hansholdings.manage.controller.PositionController.getUsers(javax.servlet.http.HttpServletRequest)
2017-10-16 11:00:58.876 [restartedMain] INFO  o.s.w.s.m.m.a.RequestMappingHandlerMapping - Mapped "{[/position/saveOrUpdate]}" onto public java.lang.String com.hansholdings.manage.controller.PositionController.saveOrUpdate1(com.hansholdings.manage.entity.Position)
2017-10-16 11:00:58.877 [restartedMain] INFO  o.s.w.s.m.m.a.RequestMappingHandlerMapping - Mapped "{[/role || /role/index]}" onto public java.lang.String com.hansholdings.manage.controller.RoleController.index(org.springframework.ui.Model)
2017-10-16 11:00:58.878 [restartedMain] INFO  o.s.w.s.m.m.a.RequestMappingHandlerMapping - Mapped "{[/role/remove]}" onto public java.lang.String com.hansholdings.manage.controller.RoleController.remove(java.lang.Long)
2017-10-16 11:00:58.878 [restartedMain] INFO  o.s.w.s.m.m.a.RequestMappingHandlerMapping - Mapped "{[/role/loadFunctionTree]}" onto public com.hansholdings.basic.json.Result com.hansholdings.manage.controller.RoleController.function(java.lang.Long,org.springframework.ui.Model)
2017-10-16 11:00:58.878 [restartedMain] INFO  o.s.w.s.m.m.a.RequestMappingHandlerMapping - Mapped "{[/role/oauthsubmit]}" onto public com.hansholdings.basic.json.Result com.hansholdings.manage.controller.RoleController.oauthsubmit(com.hansholdings.manage.entity.Role)
2017-10-16 11:00:58.878 [restartedMain] INFO  o.s.w.s.m.m.a.RequestMappingHandlerMapping - Mapped "{[/role/saveOrUpdate]}" onto public java.lang.String com.hansholdings.manage.controller.RoleController.saveOrUpdate(com.hansholdings.manage.entity.Role)
2017-10-16 11:00:58.878 [restartedMain] INFO  o.s.w.s.m.m.a.RequestMappingHandlerMapping - Mapped "{[/role/oauth]}" onto public java.lang.String com.hansholdings.manage.controller.RoleController.oauth(java.lang.Long,org.springframework.ui.Model)
2017-10-16 11:00:58.880 [restartedMain] INFO  o.s.w.s.m.m.a.RequestMappingHandlerMapping - Mapped "{[/error]}" onto public org.springframework.http.ResponseEntity<java.util.Map<java.lang.String, java.lang.Object>> org.springframework.boot.autoconfigure.web.BasicErrorController.error(javax.servlet.http.HttpServletRequest)
2017-10-16 11:00:58.880 [restartedMain] INFO  o.s.w.s.m.m.a.RequestMappingHandlerMapping - Mapped "{[/error],produces=[text/html]}" onto public org.springframework.web.servlet.ModelAndView org.springframework.boot.autoconfigure.web.BasicErrorController.errorHtml(javax.servlet.http.HttpServletRequest,javax.servlet.http.HttpServletResponse)
2017-10-16 11:00:58.929 [restartedMain] INFO  o.s.web.servlet.handler.SimpleUrlHandlerMapping - Mapped URL path [/webjars/**] onto handler of type [class org.springframework.web.servlet.resource.ResourceHttpRequestHandler]
2017-10-16 11:00:58.929 [restartedMain] INFO  o.s.web.servlet.handler.SimpleUrlHandlerMapping - Mapped URL path [/**] onto handler of type [class org.springframework.web.servlet.resource.ResourceHttpRequestHandler]
2017-10-16 11:00:58.984 [restartedMain] INFO  o.s.web.servlet.handler.SimpleUrlHandlerMapping - Mapped URL path [/**/favicon.ico] onto handler of type [class org.springframework.web.servlet.resource.ResourceHttpRequestHandler]
2017-10-16 11:00:59.217 [restartedMain] INFO  o.s.w.servlet.view.freemarker.FreeMarkerConfigurer - ClassTemplateLoader for Spring macros added to FreeMarker configuration
2017-10-16 11:00:59.376 [restartedMain] INFO  o.s.b.d.autoconfigure.OptionalLiveReloadServer - LiveReload server is running on port 35729
2017-10-16 11:00:59.423 [restartedMain] INFO  o.s.jmx.export.annotation.AnnotationMBeanExporter - Registering beans for JMX exposure on startup
2017-10-16 11:00:59.424 [restartedMain] INFO  o.s.jmx.export.annotation.AnnotationMBeanExporter - Bean with name 'druidDataSource' has been autodetected for JMX exposure
2017-10-16 11:00:59.428 [restartedMain] INFO  o.s.jmx.export.annotation.AnnotationMBeanExporter - Located MBean 'druidDataSource': registering with JMX server as MBean [com.alibaba.druid.pool:name=druidDataSource,type=DruidDataSource]
2017-10-16 11:00:59.438 [restartedMain] INFO  org.apache.coyote.http11.Http11NioProtocol - Initializing ProtocolHandler ["http-nio-8088"]
2017-10-16 11:00:59.446 [restartedMain] INFO  org.apache.coyote.http11.Http11NioProtocol - Starting ProtocolHandler ["http-nio-8088"]
2017-10-16 11:00:59.455 [restartedMain] INFO  org.apache.tomcat.util.net.NioSelectorPool - Using a shared selector for servlet write/read
2017-10-16 11:00:59.469 [restartedMain] INFO  o.s.b.c.e.tomcat.TomcatEmbeddedServletContainer - Tomcat started on port(s): 8088 (http)
2017-10-16 11:00:59.473 [restartedMain] INFO  com.hansholdings.AdusermanageApplication - Started AdusermanageApplication in 6.305 seconds (JVM running for 6.792)
2017-10-16 11:01:31.769 [http-nio-8088-exec-1] INFO  o.a.c.core.ContainerBase.[Tomcat].[localhost].[/] - Initializing Spring FrameworkServlet 'dispatcherServlet'
2017-10-16 11:01:31.769 [http-nio-8088-exec-1] INFO  org.springframework.web.servlet.DispatcherServlet - FrameworkServlet 'dispatcherServlet': initialization started
2017-10-16 11:01:31.790 [http-nio-8088-exec-1] INFO  org.springframework.web.servlet.DispatcherServlet - FrameworkServlet 'dispatcherServlet': initialization completed in 21 ms
